Using pre-set license
Built from '2020.3/staging' branch; Version is '2020.3.6f1 (338bb68529b2) revision 3378102'; Using compiler version '192528614'; Build Type 'Release'
OS: 'Windows 10 Pro; OS build 19041.928; Version 2004; 64bit' Language: 'en' Physical Memory: 32612 MB
BatchMode: 1, IsHumanControllingUs: 0, StartBugReporterOnCrash: 0, Is64bit: 1, IsPro: 0

 COMMAND LINE ARGUMENTS:
C:\Program Files\Unity\Hub\Editor\2020.3.6f1\Editor\Unity.exe
-adb2
-batchMode
-noUpm
-name
AssetImportWorker1
-projectPath
D:/Work/Projects/MadHeroes
-logFile
Logs/AssetImportWorker1.log
-srvPort
49773
Successfully changed project path to: D:/Work/Projects/MadHeroes
D:/Work/Projects/MadHeroes
Using Asset Import Pipeline V2.
Refreshing native plugins compatible for Editor in 47.40 ms, found 0 plugins.
Preloading 0 native plugins for Editor in 0.00 ms.
Initialize engine version: 2020.3.6f1 (338bb68529b2)
[Subsystems] Discovering subsystems at path C:/Program Files/Unity/Hub/Editor/2020.3.6f1/Editor/Data/Resources/UnitySubsystems
[Subsystems] Discovering subsystems at path D:/Work/Projects/MadHeroes/Assets
GfxDevice: creating device client; threaded=0
Direct3D:
    Version:  Direct3D 11.0 [level 11.1]
    Renderer: NVIDIA GeForce RTX 2080 with Max-Q Design (ID=0x1e90)
    Vendor:   
    VRAM:     8010 MB
    Driver:   27.21.14.5148
Initialize mono
Mono path[0] = 'C:/Program Files/Unity/Hub/Editor/2020.3.6f1/Editor/Data/Managed'
Mono path[1] = 'C:/Program Files/Unity/Hub/Editor/2020.3.6f1/Editor/Data/MonoBleedingEdge/lib/mono/unityjit'
Mono config path = 'C:/Program Files/Unity/Hub/Editor/2020.3.6f1/Editor/Data/MonoBleedingEdge/etc'
Using monoOptions --debugger-agent=transport=dt_socket,embedding=1,server=y,suspend=n,address=127.0.0.1:56228
Begin MonoManager ReloadAssembly
Registering precompiled unity dll's ...
Register platform support module: C:/Program Files/Unity/Hub/Editor/2020.3.6f1/Editor/Data/PlaybackEngines/WindowsStandaloneSupport/UnityEditor.WindowsStandalone.Extensions.dll
Registered in 0.001780 seconds.
Native extension for WindowsStandalone target not found
Refreshing native plugins compatible for Editor in 51.42 ms, found 0 plugins.
Preloading 0 native plugins for Editor in 0.00 ms.
Mono: successfully reloaded assembly
- Completed reload, in  1.921 seconds
Platform modules already initialized, skipping
Registering precompiled user dll's ...
Registered in 0.002512 seconds.
Begin MonoManager ReloadAssembly
Native extension for WindowsStandalone target not found
Refreshing native plugins compatible for Editor in 49.38 ms, found 0 plugins.
Preloading 0 native plugins for Editor in 0.00 ms.
Mono: successfully reloaded assembly
- Completed reload, in  1.056 seconds
Platform modules already initialized, skipping
========================================================================
Worker process is ready to serve import requests
Shader 'Universal Render Pipeline/Particles/Lit': fallback shader 'Universal Render Pipeline/Particles/SimpleLit' not found
Shader 'Universal Render Pipeline/Particles/Lit': fallback shader 'Universal Render Pipeline/Particles/SimpleLit' not found
Launched and connected shader compiler UnityShaderCompiler.exe after 0.09 seconds
Refreshing native plugins compatible for Editor in 0.55 ms, found 0 plugins.
Preloading 0 native plugins for Editor in 0.00 ms.
Unloading 3190 Unused Serialized files (Serialized files now loaded: 0)
System memory in use before: 138.0 MB.
System memory in use after: 137.1 MB.

Unloading 40 unused Assets to reduce memory usage. Loaded Objects now: 3621.
Total: 3.707600 ms (FindLiveObjects: 0.862700 ms CreateObjectMapping: 0.353000 ms MarkObjects: 1.979900 ms  DeleteObjects: 0.510900 ms)

========================================================================
Received Import Request.
  path: Assets/Prefabs/UI
  artifactKey: Guid(9c16d8877599b9c42a0df87e0ac2b3e0) Importer(815301076,1909f56bfc062723c751e8b465ee728b)
Start importing Assets/Prefabs/UI using Guid(9c16d8877599b9c42a0df87e0ac2b3e0) Importer(815301076,1909f56bfc062723c751e8b465ee728b)  -> (artifact id: '2d1666e5d2c22f798d74e087136d660d') in 0.008106 seconds
  Import took 0.012459 seconds .

========================================================================
Received Import Request.
  Time since last request: 2.448033 seconds.
  path: Assets/Prefabs/UI/UI.prefab
  artifactKey: Guid(af9db788a7c18d444bdaaa3888b281e7) Importer(815301076,1909f56bfc062723c751e8b465ee728b)
Start importing Assets/Prefabs/UI/UI.prefab using Guid(af9db788a7c18d444bdaaa3888b281e7) Importer(815301076,1909f56bfc062723c751e8b465ee728b)  -> (artifact id: 'bef47e039e05c2f9016fbfb8d6c232ff') in 0.067957 seconds
  Import took 0.073327 seconds .

========================================================================
Received Import Request.
  Time since last request: 19.728407 seconds.
  path: Assets/Scenes/First Scene.unity
  artifactKey: Guid(8b4f1bf87b72a614da405e3900bf6dc1) Importer(815301076,1909f56bfc062723c751e8b465ee728b)
Start importing Assets/Scenes/First Scene.unity using Guid(8b4f1bf87b72a614da405e3900bf6dc1) Importer(815301076,1909f56bfc062723c751e8b465ee728b)  -> (artifact id: '68dd0c983705c5d7b514fe3fe5eeebaf') in 0.008210 seconds
  Import took 0.013030 seconds .

========================================================================
Received Import Request.
  Time since last request: 20.184836 seconds.
  path: Assets/Scenes/CombatScene_Dungeon.unity
  artifactKey: Guid(497bc75c48d5d474bb15705b9a89a449) Importer(815301076,1909f56bfc062723c751e8b465ee728b)
Start importing Assets/Scenes/CombatScene_Dungeon.unity using Guid(497bc75c48d5d474bb15705b9a89a449) Importer(815301076,1909f56bfc062723c751e8b465ee728b)  -> (artifact id: '045ad51b384106cb78122d26c1a481ea') in 0.008233 seconds
  Import took 0.012672 seconds .

========================================================================
Received Import Request.
  Time since last request: 0.100928 seconds.
  path: Assets/Scenes/CombatScene_Dungeon.unity
  artifactKey: Guid(497bc75c48d5d474bb15705b9a89a449) Importer(815301076,1909f56bfc062723c751e8b465ee728b)
Start importing Assets/Scenes/CombatScene_Dungeon.unity using Guid(497bc75c48d5d474bb15705b9a89a449) Importer(815301076,1909f56bfc062723c751e8b465ee728b)  -> (artifact id: '045ad51b384106cb78122d26c1a481ea') in 0.001948 seconds
  Import took 0.007419 seconds .

========================================================================
Received Prepare
Registering precompiled user dll's ...
Registered in 0.002617 seconds.
Begin MonoManager ReloadAssembly
Native extension for WindowsStandalone target not found
Refreshing native plugins compatible for Editor in 0.53 ms, found 0 plugins.
Preloading 0 native plugins for Editor in 0.00 ms.
Mono: successfully reloaded assembly
- Completed reload, in  0.935 seconds
Platform modules already initialized, skipping
Shader 'Universal Render Pipeline/Particles/Lit': fallback shader 'Universal Render Pipeline/Particles/SimpleLit' not found
Shader 'Universal Render Pipeline/Particles/Lit': fallback shader 'Universal Render Pipeline/Particles/SimpleLit' not found
Refreshing native plugins compatible for Editor in 0.47 ms, found 0 plugins.
Preloading 0 native plugins for Editor in 0.00 ms.
Unloading 3077 Unused Serialized files (Serialized files now loaded: 0)
System memory in use before: 131.7 MB.
System memory in use after: 130.7 MB.

Unloading 36 unused Assets to reduce memory usage. Loaded Objects now: 3624.
Total: 3.051800 ms (FindLiveObjects: 0.280100 ms CreateObjectMapping: 0.103900 ms MarkObjects: 2.142800 ms  DeleteObjects: 0.523900 ms)

========================================================================
Received Import Request.
  Time since last request: 8.780675 seconds.
  path: Assets/Scenes/First Scene.unity
  artifactKey: Guid(8b4f1bf87b72a614da405e3900bf6dc1) Importer(815301076,1909f56bfc062723c751e8b465ee728b)
Start importing Assets/Scenes/First Scene.unity using Guid(8b4f1bf87b72a614da405e3900bf6dc1) Importer(815301076,1909f56bfc062723c751e8b465ee728b)  -> (artifact id: 'f563becb6dc98c7e2ca6c5cf4f205505') in 0.011898 seconds
  Import took 0.016548 seconds .

========================================================================
Received Prepare
Registering precompiled user dll's ...
Registered in 0.002745 seconds.
Begin MonoManager ReloadAssembly
Native extension for WindowsStandalone target not found
Refreshing native plugins compatible for Editor in 0.53 ms, found 0 plugins.
Preloading 0 native plugins for Editor in 0.00 ms.
Mono: successfully reloaded assembly
- Completed reload, in  1.157 seconds
Platform modules already initialized, skipping
Shader 'Universal Render Pipeline/Particles/Lit': fallback shader 'Universal Render Pipeline/Particles/SimpleLit' not found
Shader 'Universal Render Pipeline/Particles/Lit': fallback shader 'Universal Render Pipeline/Particles/SimpleLit' not found
Refreshing native plugins compatible for Editor in 0.54 ms, found 0 plugins.
Preloading 0 native plugins for Editor in 0.00 ms.
Unloading 3077 Unused Serialized files (Serialized files now loaded: 0)
System memory in use before: 131.7 MB.
System memory in use after: 130.8 MB.

Unloading 35 unused Assets to reduce memory usage. Loaded Objects now: 3627.
Total: 4.207900 ms (FindLiveObjects: 0.376300 ms CreateObjectMapping: 0.184900 ms MarkObjects: 2.926200 ms  DeleteObjects: 0.719400 ms)

========================================================================
Received Prepare
Registering precompiled user dll's ...
Registered in 0.002606 seconds.
Begin MonoManager ReloadAssembly
Native extension for WindowsStandalone target not found
Refreshing native plugins compatible for Editor in 0.48 ms, found 0 plugins.
Preloading 0 native plugins for Editor in 0.00 ms.
Mono: successfully reloaded assembly
- Completed reload, in  0.899 seconds
Platform modules already initialized, skipping
Shader 'Universal Render Pipeline/Particles/Lit': fallback shader 'Universal Render Pipeline/Particles/SimpleLit' not found
Shader 'Universal Render Pipeline/Particles/Lit': fallback shader 'Universal Render Pipeline/Particles/SimpleLit' not found
Refreshing native plugins compatible for Editor in 0.54 ms, found 0 plugins.
Preloading 0 native plugins for Editor in 0.00 ms.
Unloading 3077 Unused Serialized files (Serialized files now loaded: 0)
System memory in use before: 131.8 MB.
System memory in use after: 130.8 MB.

Unloading 35 unused Assets to reduce memory usage. Loaded Objects now: 3630.
Total: 3.095900 ms (FindLiveObjects: 0.281900 ms CreateObjectMapping: 0.116400 ms MarkObjects: 2.154200 ms  DeleteObjects: 0.542800 ms)

========================================================================
Received Import Request.
  Time since last request: 158.180634 seconds.
  path: Assets/Scenes/CombatScene_Dungeon.unity
  artifactKey: Guid(497bc75c48d5d474bb15705b9a89a449) Importer(815301076,1909f56bfc062723c751e8b465ee728b)
Start importing Assets/Scenes/CombatScene_Dungeon.unity using Guid(497bc75c48d5d474bb15705b9a89a449) Importer(815301076,1909f56bfc062723c751e8b465ee728b)  -> (artifact id: '84d70b6b1484c0b160b8b8479838df50') in 0.011465 seconds
  Import took 0.016302 seconds .

========================================================================
Received Prepare
Registering precompiled user dll's ...
Registered in 0.002433 seconds.
Begin MonoManager ReloadAssembly
Native extension for WindowsStandalone target not found
Refreshing native plugins compatible for Editor in 0.47 ms, found 0 plugins.
Preloading 0 native plugins for Editor in 0.00 ms.
Mono: successfully reloaded assembly
- Completed reload, in  0.908 seconds
Platform modules already initialized, skipping
Shader 'Universal Render Pipeline/Particles/Lit': fallback shader 'Universal Render Pipeline/Particles/SimpleLit' not found
Shader 'Universal Render Pipeline/Particles/Lit': fallback shader 'Universal Render Pipeline/Particles/SimpleLit' not found
Refreshing native plugins compatible for Editor in 0.47 ms, found 0 plugins.
Preloading 0 native plugins for Editor in 0.00 ms.
Unloading 3077 Unused Serialized files (Serialized files now loaded: 0)
System memory in use before: 131.8 MB.
System memory in use after: 130.9 MB.

Unloading 35 unused Assets to reduce memory usage. Loaded Objects now: 3633.
Total: 2.833100 ms (FindLiveObjects: 0.319100 ms CreateObjectMapping: 0.181500 ms MarkObjects: 1.760100 ms  DeleteObjects: 0.570400 ms)

========================================================================
Received Prepare
Registering precompiled user dll's ...
Registered in 0.002648 seconds.
Begin MonoManager ReloadAssembly
Native extension for WindowsStandalone target not found
Refreshing native plugins compatible for Editor in 0.46 ms, found 0 plugins.
Preloading 0 native plugins for Editor in 0.00 ms.
Mono: successfully reloaded assembly
- Completed reload, in  0.929 seconds
Platform modules already initialized, skipping
Shader 'Universal Render Pipeline/Particles/Lit': fallback shader 'Universal Render Pipeline/Particles/SimpleLit' not found
Shader 'Universal Render Pipeline/Particles/Lit': fallback shader 'Universal Render Pipeline/Particles/SimpleLit' not found
Refreshing native plugins compatible for Editor in 0.51 ms, found 0 plugins.
Preloading 0 native plugins for Editor in 0.00 ms.
Unloading 3077 Unused Serialized files (Serialized files now loaded: 0)
System memory in use before: 131.8 MB.
System memory in use after: 130.9 MB.

Unloading 35 unused Assets to reduce memory usage. Loaded Objects now: 3636.
Total: 3.070800 ms (FindLiveObjects: 0.345800 ms CreateObjectMapping: 0.190200 ms MarkObjects: 1.965200 ms  DeleteObjects: 0.568400 ms)

========================================================================
Received Prepare
Registering precompiled user dll's ...
Registered in 0.004705 seconds.
Begin MonoManager ReloadAssembly
Native extension for WindowsStandalone target not found
Refreshing native plugins compatible for Editor in 0.47 ms, found 0 plugins.
Preloading 0 native plugins for Editor in 0.00 ms.
Mono: successfully reloaded assembly
- Completed reload, in  0.966 seconds
Platform modules already initialized, skipping
Shader 'Universal Render Pipeline/Particles/Lit': fallback shader 'Universal Render Pipeline/Particles/SimpleLit' not found
Shader 'Universal Render Pipeline/Particles/Lit': fallback shader 'Universal Render Pipeline/Particles/SimpleLit' not found
Refreshing native plugins compatible for Editor in 0.47 ms, found 0 plugins.
Preloading 0 native plugins for Editor in 0.00 ms.
Unloading 3077 Unused Serialized files (Serialized files now loaded: 0)
System memory in use before: 131.8 MB.
System memory in use after: 130.9 MB.

Unloading 35 unused Assets to reduce memory usage. Loaded Objects now: 3639.
Total: 3.246000 ms (FindLiveObjects: 0.279100 ms CreateObjectMapping: 0.157300 ms MarkObjects: 1.980500 ms  DeleteObjects: 0.827600 ms)

========================================================================
Received Prepare
Registering precompiled user dll's ...
Registered in 0.002470 seconds.
Begin MonoManager ReloadAssembly
Native extension for WindowsStandalone target not found
Refreshing native plugins compatible for Editor in 0.47 ms, found 0 plugins.
Preloading 0 native plugins for Editor in 0.00 ms.
Mono: successfully reloaded assembly
- Completed reload, in  0.904 seconds
Platform modules already initialized, skipping
Shader 'Universal Render Pipeline/Particles/Lit': fallback shader 'Universal Render Pipeline/Particles/SimpleLit' not found
Shader 'Universal Render Pipeline/Particles/Lit': fallback shader 'Universal Render Pipeline/Particles/SimpleLit' not found
Refreshing native plugins compatible for Editor in 0.48 ms, found 0 plugins.
Preloading 0 native plugins for Editor in 0.00 ms.
Unloading 3077 Unused Serialized files (Serialized files now loaded: 0)
System memory in use before: 131.8 MB.
System memory in use after: 130.9 MB.

Unloading 35 unused Assets to reduce memory usage. Loaded Objects now: 3642.
Total: 2.901900 ms (FindLiveObjects: 0.298000 ms CreateObjectMapping: 0.155500 ms MarkObjects: 1.876000 ms  DeleteObjects: 0.571000 ms)

========================================================================
Received Prepare
Registering precompiled user dll's ...
Registered in 0.002426 seconds.
Begin MonoManager ReloadAssembly
Native extension for WindowsStandalone target not found
Refreshing native plugins compatible for Editor in 0.48 ms, found 0 plugins.
Preloading 0 native plugins for Editor in 0.00 ms.
Mono: successfully reloaded assembly
- Completed reload, in  0.909 seconds
Platform modules already initialized, skipping
Shader 'Universal Render Pipeline/Particles/Lit': fallback shader 'Universal Render Pipeline/Particles/SimpleLit' not found
Shader 'Universal Render Pipeline/Particles/Lit': fallback shader 'Universal Render Pipeline/Particles/SimpleLit' not found
Refreshing native plugins compatible for Editor in 0.48 ms, found 0 plugins.
Preloading 0 native plugins for Editor in 0.00 ms.
Unloading 3077 Unused Serialized files (Serialized files now loaded: 0)
System memory in use before: 131.8 MB.
System memory in use after: 130.9 MB.

Unloading 35 unused Assets to reduce memory usage. Loaded Objects now: 3645.
Total: 3.624700 ms (FindLiveObjects: 0.328700 ms CreateObjectMapping: 0.158200 ms MarkObjects: 2.178900 ms  DeleteObjects: 0.957600 ms)

========================================================================
Received Prepare
Registering precompiled user dll's ...
Registered in 0.002403 seconds.
Begin MonoManager ReloadAssembly
Native extension for WindowsStandalone target not found
Refreshing native plugins compatible for Editor in 0.54 ms, found 0 plugins.
Preloading 0 native plugins for Editor in 0.00 ms.
Mono: successfully reloaded assembly
- Completed reload, in  0.884 seconds
Platform modules already initialized, skipping
Shader 'Universal Render Pipeline/Particles/Lit': fallback shader 'Universal Render Pipeline/Particles/SimpleLit' not found
Shader 'Universal Render Pipeline/Particles/Lit': fallback shader 'Universal Render Pipeline/Particles/SimpleLit' not found
Refreshing native plugins compatible for Editor in 0.47 ms, found 0 plugins.
Preloading 0 native plugins for Editor in 0.00 ms.
Unloading 3077 Unused Serialized files (Serialized files now loaded: 0)
System memory in use before: 131.8 MB.
System memory in use after: 130.9 MB.

Unloading 35 unused Assets to reduce memory usage. Loaded Objects now: 3648.
Total: 3.438600 ms (FindLiveObjects: 0.366800 ms CreateObjectMapping: 0.307900 ms MarkObjects: 2.193900 ms  DeleteObjects: 0.568900 ms)

========================================================================
Received Prepare
Registering precompiled user dll's ...
Registered in 0.002621 seconds.
Begin MonoManager ReloadAssembly
Native extension for WindowsStandalone target not found
Refreshing native plugins compatible for Editor in 0.46 ms, found 0 plugins.
Preloading 0 native plugins for Editor in 0.00 ms.
Mono: successfully reloaded assembly
- Completed reload, in  0.923 seconds
Platform modules already initialized, skipping
Shader 'Universal Render Pipeline/Particles/Lit': fallback shader 'Universal Render Pipeline/Particles/SimpleLit' not found
Shader 'Universal Render Pipeline/Particles/Lit': fallback shader 'Universal Render Pipeline/Particles/SimpleLit' not found
Refreshing native plugins compatible for Editor in 0.47 ms, found 0 plugins.
Preloading 0 native plugins for Editor in 0.00 ms.
Unloading 3077 Unused Serialized files (Serialized files now loaded: 0)
System memory in use before: 131.9 MB.
System memory in use after: 130.9 MB.

Unloading 35 unused Assets to reduce memory usage. Loaded Objects now: 3651.
Total: 3.023000 ms (FindLiveObjects: 0.295300 ms CreateObjectMapping: 0.160800 ms MarkObjects: 2.007100 ms  DeleteObjects: 0.558900 ms)

========================================================================
Received Prepare
Registering precompiled user dll's ...
Registered in 0.002403 seconds.
Begin MonoManager ReloadAssembly
Native extension for WindowsStandalone target not found
Refreshing native plugins compatible for Editor in 0.59 ms, found 0 plugins.
Preloading 0 native plugins for Editor in 0.00 ms.
Mono: successfully reloaded assembly
- Completed reload, in  0.980 seconds
Platform modules already initialized, skipping
Shader 'Universal Render Pipeline/Particles/Lit': fallback shader 'Universal Render Pipeline/Particles/SimpleLit' not found
Shader 'Universal Render Pipeline/Particles/Lit': fallback shader 'Universal Render Pipeline/Particles/SimpleLit' not found
Refreshing native plugins compatible for Editor in 0.53 ms, found 0 plugins.
Preloading 0 native plugins for Editor in 0.00 ms.
Unloading 3077 Unused Serialized files (Serialized files now loaded: 0)
System memory in use before: 131.9 MB.
System memory in use after: 130.9 MB.

Unloading 35 unused Assets to reduce memory usage. Loaded Objects now: 3654.
Total: 3.343600 ms (FindLiveObjects: 0.396200 ms CreateObjectMapping: 0.161200 ms MarkObjects: 2.214800 ms  DeleteObjects: 0.570000 ms)

========================================================================
Received Prepare
Registering precompiled user dll's ...
Registered in 0.002774 seconds.
Begin MonoManager ReloadAssembly
Native extension for WindowsStandalone target not found
Refreshing native plugins compatible for Editor in 0.47 ms, found 0 plugins.
Preloading 0 native plugins for Editor in 0.00 ms.
Mono: successfully reloaded assembly
- Completed reload, in  0.949 seconds
Platform modules already initialized, skipping
Shader 'Universal Render Pipeline/Particles/Lit': fallback shader 'Universal Render Pipeline/Particles/SimpleLit' not found
Shader 'Universal Render Pipeline/Particles/Lit': fallback shader 'Universal Render Pipeline/Particles/SimpleLit' not found
Refreshing native plugins compatible for Editor in 0.48 ms, found 0 plugins.
Preloading 0 native plugins for Editor in 0.00 ms.
Unloading 3077 Unused Serialized files (Serialized files now loaded: 0)
System memory in use before: 131.8 MB.
System memory in use after: 130.9 MB.

Unloading 35 unused Assets to reduce memory usage. Loaded Objects now: 3657.
Total: 2.845000 ms (FindLiveObjects: 0.319000 ms CreateObjectMapping: 0.160500 ms MarkObjects: 1.819800 ms  DeleteObjects: 0.544600 ms)

